#
# There is insufficient memory for the Java Runtime Environment to continue.
# Native memory allocation (malloc) failed to allocate 1048576 bytes for AllocateHeap
# Possible reasons:
#   The system is out of physical RAM or swap space
#   The process is running with CompressedOops enabled, and the Java Heap may be blocking the growth of the native heap
# Possible solutions:
#   Reduce memory load on the system
#   Increase physical memory or swap space
#   Check if swap backing store is full
#   Decrease Java heap size (-Xmx/-Xms)
#   Decrease number of Java threads
#   Decrease Java thread stack sizes (-Xss)
#   Set larger code cache with -XX:ReservedCodeCacheSize=
#   JVM is running with Unscaled Compressed Oops mode in which the Java heap is
#     placed in the first 4GB address space. The Java Heap base address is the
#     maximum limit for the native heap growth. Please use -XX:HeapBaseMinAddress
#     to set the Java Heap base and to place the Java Heap above 4GB virtual address.
# This output file may be truncated or incomplete.
#
#  Out of Memory Error (allocation.cpp:44), pid=30804, tid=30856
#
# JRE version:  (18.0.1.1+2) (build )
# Java VM: Java HotSpot(TM) 64-Bit Server VM (18.0.1.1+2-6, mixed mode, sharing, tiered, compressed oops, compressed class ptrs, g1 gc, windows-amd64)
# No core dump will be written. Minidumps are not enabled by default on client versions of Windows
#

---------------  S U M M A R Y ------------

Command Line: -Dfile.encoding=UTF-8 -XX:+ShowCodeDetailsInExceptionMessages risiko.TestMain

Host: Intel(R) Core(TM) i5-7200U CPU @ 2.50GHz, 4 cores, 7G,  Windows 10 , 64 bit Build 19041 (10.0.19041.1806)
Time: Wed Aug 10 15:51:13 2022 Mitteleuropäische Sommerzeit elapsed time: 0.020088 seconds (0d 0h 0m 0s)

---------------  T H R E A D  ---------------

Current thread (0x00000294fcf14b90):  JavaThread "Unknown thread" [_thread_in_vm, id=30856, stack(0x000000d0ba500000,0x000000d0ba600000)]

Stack: [0x000000d0ba500000,0x000000d0ba600000]
Native frames: (J=compiled Java code, j=interpreted, Vv=VM code, C=native code)
V  [jvm.dll+0x69887a]
V  [jvm.dll+0x7f38bd]
V  [jvm.dll+0x7f51ce]
V  [jvm.dll+0x7f5883]
V  [jvm.dll+0x25ca3f]
V  [jvm.dll+0xb31af]
V  [jvm.dll+0x3025b9]
V  [jvm.dll+0x2facb3]
V  [jvm.dll+0x7c24f0]
V  [jvm.dll+0x38b801]
V  [jvm.dll+0x7a1203]
V  [jvm.dll+0x40d6bf]
V  [jvm.dll+0x40f091]
C  [jli.dll+0x526b]
C  [ucrtbase.dll+0x21bb2]
C  [KERNEL32.DLL+0x17034]
C  [ntdll.dll+0x52651]


---------------  P R O C E S S  ---------------

Threads class SMR info:
_java_thread_list=0x00007ff9ea26d550, length=0, elements={
}

Java Threads: ( => current thread )

Other Threads:
  0x00000294fcf72290 WorkerThread "GC Thread#0" [stack: 0x000000d0ba600000,0x000000d0ba700000] [id=30864]

[error occurred during error reporting (printing all threads), id 0xc0000005, EXCEPTION_ACCESS_VIOLATION (0xc0000005) at pc=0x00007ff9e9a977e0]

VM state: not at safepoint (not fully initialized)

VM Mutex/Monitor currently owned by a thread:  ([mutex/lock_event])
[0x00000294fcf11460] Heap_lock - owner thread: 0x00000294fcf14b90

Heap address: 0x0000000082000000, size: 2016 MB, Compressed Oops mode: 32-bit

CDS archive(s) mapped at: [0x0000000000000000-0x0000000000000000-0x0000000000000000), size 0, SharedBaseAddress: 0x0000000800000000, ArchiveRelocationMode: 0.
Narrow klass base: 0x0000000000000000, Narrow klass shift: 0, Narrow klass range: 0x0

GC Precious Log:
 CardTable entry size: 512
 Card Set container configuration: InlinePtr #cards 5 size 8 Array Of Cards #cards 12 size 40 Howl #buckets 4 coarsen threshold 1843 Howl Bitmap #cards 512 size 80 coarsen threshold 460 Card regions per heap region 1 cards per card region 2048

Heap:
 garbage-first heap   total 0K, used 0K [0x0000000082000000, 0x0000000100000000)
  region size 1024K, 0 young (0K), 0 survivors (0K)

[error occurred during error reporting (printing heap information), id 0xc0000005, EXCEPTION_ACCESS_VIOLATION (0xc0000005) at pc=0x00007ff9e9e80cb9]

GC Heap History (0 events):
No events

Deoptimization events (0 events):
No events

Classes loaded (0 events):
No events

Classes unloaded (0 events):
No events

Classes redefined (0 events):
No events

Internal exceptions (0 events):
No events

VM Operations (0 events):
No events

Events (1 events):
Event: 0.012 Loaded shared library C:\Program Files\Java\jdk-18.0.1.1\bin\java.dll


Dynamic libraries:
0x00007ff664260000 - 0x00007ff664270000 	C:\Program Files\Java\jdk-18.0.1.1\bin\javaw.exe
0x00007ffa60110000 - 0x00007ffa60308000 	C:\WINDOWS\SYSTEM32\ntdll.dll
0x00007ffa3be00000 - 0x00007ffa3be17000 	C:\Program Files\Avast Software\Avast\aswhook.dll
0x00007ffa5f3d0000 - 0x00007ffa5f48d000 	C:\WINDOWS\System32\KERNEL32.DLL
0x00007ffa5dd70000 - 0x00007ffa5e03e000 	C:\WINDOWS\System32\KERNELBASE.dll
0x00007ffa5e040000 - 0x00007ffa5e140000 	C:\WINDOWS\System32\ucrtbase.dll
0x00007ffa565e0000 - 0x00007ffa565f8000 	C:\Program Files\Java\jdk-18.0.1.1\bin\jli.dll
0x00007ffa5fcc0000 - 0x00007ffa5fd6e000 	C:\WINDOWS\System32\ADVAPI32.dll
0x00007ffa565c0000 - 0x00007ffa565da000 	C:\Program Files\Java\jdk-18.0.1.1\bin\VCRUNTIME140.dll
0x00007ffa5ff90000 - 0x00007ffa6002e000 	C:\WINDOWS\System32\msvcrt.dll
0x00007ffa5f0c0000 - 0x00007ffa5f15c000 	C:\WINDOWS\System32\sechost.dll
0x00007ffa5fdd0000 - 0x00007ffa5fef5000 	C:\WINDOWS\System32\RPCRT4.dll
0x00007ffa5f1d0000 - 0x00007ffa5f370000 	C:\WINDOWS\System32\USER32.dll
0x00007ffa5e140000 - 0x00007ffa5e162000 	C:\WINDOWS\System32\win32u.dll
0x00007ffa60030000 - 0x00007ffa6005a000 	C:\WINDOWS\System32\GDI32.dll
0x00007ffa5dac0000 - 0x00007ffa5dbcb000 	C:\WINDOWS\System32\gdi32full.dll
0x00007ffa4ed00000 - 0x00007ffa4ef9a000 	C:\WINDOWS\WinSxS\amd64_microsoft.windows.common-controls_6595b64144ccf1df_6.0.19041.1110_none_60b5254171f9507e\COMCTL32.dll
0x00007ffa5dc80000 - 0x00007ffa5dd1d000 	C:\WINDOWS\System32\msvcp_win.dll
0x00007ffa555a0000 - 0x00007ffa555aa000 	C:\WINDOWS\SYSTEM32\VERSION.dll
0x00007ffa5e170000 - 0x00007ffa5e1a0000 	C:\WINDOWS\System32\IMM32.DLL
0x00007ffa5ace0000 - 0x00007ffa5acec000 	C:\Program Files\Java\jdk-18.0.1.1\bin\vcruntime140_1.dll
0x00007ffa3b3e0000 - 0x00007ffa3b46d000 	C:\Program Files\Java\jdk-18.0.1.1\bin\msvcp140.dll
0x00007ff9e9790000 - 0x00007ff9ea3a0000 	C:\Program Files\Java\jdk-18.0.1.1\bin\server\jvm.dll
0x00007ffa5ff80000 - 0x00007ffa5ff88000 	C:\WINDOWS\System32\PSAPI.DLL
0x00007ffa4e180000 - 0x00007ffa4e189000 	C:\WINDOWS\SYSTEM32\WSOCK32.dll
0x00007ffa60060000 - 0x00007ffa600cb000 	C:\WINDOWS\System32\WS2_32.dll
0x00007ffa4dd00000 - 0x00007ffa4dd27000 	C:\WINDOWS\SYSTEM32\WINMM.dll
0x00007ffa5c0c0000 - 0x00007ffa5c0d2000 	C:\WINDOWS\SYSTEM32\kernel.appcore.dll
0x00007ffa56590000 - 0x00007ffa5659a000 	C:\Program Files\Java\jdk-18.0.1.1\bin\jimage.dll
0x00007ffa5bdd0000 - 0x00007ffa5bfb4000 	C:\WINDOWS\SYSTEM32\DBGHELP.DLL
0x00007ffa4fbd0000 - 0x00007ffa4fbfc000 	C:\WINDOWS\SYSTEM32\dbgcore.DLL
0x00007ffa5da00000 - 0x00007ffa5da82000 	C:\WINDOWS\System32\bcryptPrimitives.dll
0x00007ffa4e600000 - 0x00007ffa4e625000 	C:\Program Files\Java\jdk-18.0.1.1\bin\java.dll

dbghelp: loaded successfully - version: 4.0.5 - missing functions: none
symbol engine: initialized successfully - sym options: 0x614 - pdb path: .;C:\Program Files\Java\jdk-18.0.1.1\bin;C:\WINDOWS\SYSTEM32;C:\Program Files\Avast Software\Avast;C:\WINDOWS\WinSxS\amd64_microsoft.windows.common-controls_6595b64144ccf1df_6.0.19041.1110_none_60b5254171f9507e;C:\Program Files\Java\jdk-18.0.1.1\bin\server

VM Arguments:
jvm_args: -Dfile.encoding=UTF-8 -XX:+ShowCodeDetailsInExceptionMessages 
java_command: risiko.TestMain
java_class_path (initial): C:\Users\nhueb\Desktop\Risiko\eclipseProjekt\bin
Launcher Type: SUN_STANDARD

[Global flags]
     intx CICompilerCount                          = 3                                         {product} {ergonomic}
     uint ConcGCThreads                            = 1                                         {product} {ergonomic}
     uint G1ConcRefinementThreads                  = 4                                         {product} {ergonomic}
   size_t G1HeapRegionSize                         = 1048576                                   {product} {ergonomic}
    uintx GCDrainStackTargetSize                   = 64                                        {product} {ergonomic}
   size_t InitialHeapSize                          = 132120576                                 {product} {ergonomic}
   size_t MarkStackSize                            = 4194304                                   {product} {ergonomic}
   size_t MaxHeapSize                              = 2113929216                                {product} {ergonomic}
   size_t MinHeapDeltaBytes                        = 1048576                                   {product} {ergonomic}
   size_t MinHeapSize                              = 8388608                                   {product} {ergonomic}
    uintx NonNMethodCodeHeapSize                   = 5832780                                {pd product} {ergonomic}
    uintx NonProfiledCodeHeapSize                  = 122912730                              {pd product} {ergonomic}
    uintx ProfiledCodeHeapSize                     = 122912730                              {pd product} {ergonomic}
    uintx ReservedCodeCacheSize                    = 251658240                              {pd product} {ergonomic}
     bool SegmentedCodeCache                       = true                                      {product} {ergonomic}
     bool ShowCodeDetailsInExceptionMessages       = true                                   {manageable} {command line}
   size_t SoftMaxHeapSize                          = 2113929216                             {manageable} {ergonomic}
     bool UseCompressedClassPointers               = true                           {product lp64_product} {ergonomic}
     bool UseCompressedOops                        = true                           {product lp64_product} {ergonomic}
     bool UseG1GC                                  = true                                      {product} {ergonomic}
     bool UseLargePagesIndividualAllocation        = false                                  {pd product} {ergonomic}

Logging:
Log output configuration:
 #0: stdout all=warning uptime,level,tags foldmultilines=false
 #1: stderr all=off uptime,level,tags foldmultilines=false

Environment Variables:
JAVA_HOME=C:\Program Files\Java\jdk-18.0.1.1
PATH=C:/Program Files/Java/jdk-18.0.1.1/bin/server;C:/Program Files/Java/jdk-18.0.1.1/bin;C:\Program Files\Common Files\Oracle\Java\javapath;C:\Program Files (x86)\Common Files\Oracle\Java\javapath;C:\Program Files (x86)\Intel\Intel(R) Management Engine Components\iCLS\;C:\Program Files\Intel\Intel(R) Management Engine Components\iCLS\;C:\WINDOWS\system32;C:\WINDOWS;C:\WINDOWS\System32\Wbem;C:\WINDOWS\System32\WindowsPowerShell\v1.0\;C:\WINDOWS\System32\OpenSSH\;C:\Program Files (x86)\Intel\Intel(R) Management Engine Components\DAL;C:\Program Files\Intel\Intel(R) Management Engine Components\DAL;C:\Program Files (x86)\Intel\Intel(R) Management Engine Components\IPT;C:\Program Files\Intel\Intel(R) Management Engine Components\IPT;C:\Program Files\Intel\WiFi\bin\;C:\Program Files\Common Files\Intel\WirelessCommon\;C:\Program Files\MATLAB\R2021a\bin;C:\TDM-GCC-64\bin;C:\Program Files\Java\jdk-18.0.1.1\bin;C:\Program Files\Git\cmd;C:\Users\nhueb\AppData\Local\Microsoft\WindowsApps;;C:\Users\nhueb\AppData\Local\Programs\Microsoft VS Code\bin;C:\WINDOWS\System32;
USERNAME=nhueb
OS=Windows_NT
PROCESSOR_IDENTIFIER=Intel64 Family 6 Model 142 Stepping 9, GenuineIntel



---------------  S Y S T E M  ---------------

OS:
 Windows 10 , 64 bit Build 19041 (10.0.19041.1806)
OS uptime: 2 days 3:21 hours

CPU: total 4 (initial active 4) (2 cores per cpu, 2 threads per core) family 6 model 142 stepping 9 microcode 0xb4, cx8, cmov, fxsr, ht, mmx, 3dnowpref, sse, sse2, sse3, ssse3, sse4.1, sse4.2, popcnt, lzcnt, tsc, tscinvbit, avx, avx2, aes, erms, clmul, bmi1, bmi2, adx, fma, vzeroupper, clflush, clflushopt

Memory: 4k page, system-wide physical 8058M (644M free)
TotalPageFile size 32634M (AvailPageFile size 4M)
current process WorkingSet (physical memory assigned to process): 10M, peak: 10M
current process commit charge ("private bytes"): 48M, peak: 49M

vm_info: Java HotSpot(TM) 64-Bit Server VM (18.0.1.1+2-6) for windows-amd64 JRE (18.0.1.1+2-6), built on Apr 25 2022 21:53:15 by "mach5one" with MS VC++ 16.8 / 16.9 (VS2019)

END.
